[debug] [2023-03-09T14:15:28.120Z] ----------------------------------------------------------------------
[debug] [2023-03-09T14:15:28.125Z] Command:       /usr/local/bin/node /usr/local/bin/firebase deploy
[debug] [2023-03-09T14:15:28.126Z] CLI Version:   11.24.1
[debug] [2023-03-09T14:15:28.126Z] Platform:      darwin
[debug] [2023-03-09T14:15:28.126Z] Node Version:  v19.7.0
[debug] [2023-03-09T14:15:28.126Z] Time:          Thu Mar 09 2023 14:15:28 GMT+0000 (Greenwich Mean Time)
[debug] [2023-03-09T14:15:28.127Z] ----------------------------------------------------------------------
[debug] 
[debug] [2023-03-09T14:15:28.233Z] > command requires scopes: ["email","openid","https://www.googleapis.com/auth/cloudplatformprojects.readonly","https://www.googleapis.com/auth/firebase","https://www.googleapis.com/auth/cloud-platform"]
[debug] [2023-03-09T14:15:28.234Z] > authorizing via signed-in user (benthompsonwatson1dev@gmail.com)
[debug] [2023-03-09T14:15:28.234Z] [iam] checking project qrapp-fe2f3 for permissions ["cloudfunctions.functions.create","cloudfunctions.functions.delete","cloudfunctions.functions.get","cloudfunctions.functions.list","cloudfunctions.functions.update","cloudfunctions.operations.get","datastore.indexes.create","datastore.indexes.delete","datastore.indexes.list","datastore.indexes.update","firebase.projects.get"]
[debug] [2023-03-09T14:15:28.236Z] >>> [apiv2][query] POST https://cloudresourcemanager.googleapis.com/v1/projects/qrapp-fe2f3:testIamPermissions [none]
[debug] [2023-03-09T14:15:28.237Z] >>> [apiv2][(partial)header] POST https://cloudresourcemanager.googleapis.com/v1/projects/qrapp-fe2f3:testIamPermissions x-goog-quota-user=projects/qrapp-fe2f3
[debug] [2023-03-09T14:15:28.237Z] >>> [apiv2][body] POST https://cloudresourcemanager.googleapis.com/v1/projects/qrapp-fe2f3:testIamPermissions {"permissions":["cloudfunctions.functions.create","cloudfunctions.functions.delete","cloudfunctions.functions.get","cloudfunctions.functions.list","cloudfunctions.functions.update","cloudfunctions.operations.get","datastore.indexes.create","datastore.indexes.delete","datastore.indexes.list","datastore.indexes.update","firebase.projects.get"]}
[debug] [2023-03-09T14:15:29.207Z] <<< [apiv2][status] POST https://cloudresourcemanager.googleapis.com/v1/projects/qrapp-fe2f3:testIamPermissions 200
[debug] [2023-03-09T14:15:29.209Z] <<< [apiv2][body] POST https://cloudresourcemanager.googleapis.com/v1/projects/qrapp-fe2f3:testIamPermissions {"permissions":["cloudfunctions.functions.create","cloudfunctions.functions.delete","cloudfunctions.functions.get","cloudfunctions.functions.list","cloudfunctions.functions.update","cloudfunctions.operations.get","datastore.indexes.create","datastore.indexes.delete","datastore.indexes.list","datastore.indexes.update","firebase.projects.get"]}
[debug] [2023-03-09T14:15:29.215Z] >>> [apiv2][query] POST https://iam.googleapis.com/v1/projects/qrapp-fe2f3/serviceAccounts/qrapp-fe2f3@appspot.gserviceaccount.com:testIamPermissions [none]
[debug] [2023-03-09T14:15:29.216Z] >>> [apiv2][body] POST https://iam.googleapis.com/v1/projects/qrapp-fe2f3/serviceAccounts/qrapp-fe2f3@appspot.gserviceaccount.com:testIamPermissions {"permissions":["iam.serviceAccounts.actAs"]}
[debug] [2023-03-09T14:15:30.103Z] <<< [apiv2][status] POST https://iam.googleapis.com/v1/projects/qrapp-fe2f3/serviceAccounts/qrapp-fe2f3@appspot.gserviceaccount.com:testIamPermissions 200
[debug] [2023-03-09T14:15:30.104Z] <<< [apiv2][body] POST https://iam.googleapis.com/v1/projects/qrapp-fe2f3/serviceAccounts/qrapp-fe2f3@appspot.gserviceaccount.com:testIamPermissions {"permissions":["iam.serviceAccounts.actAs"]}
[info] 
[info] === Deploying to 'qrapp-fe2f3'...
[info] 
[info] i  deploying firestore, functions 
[info] i  firestore: reading indexes from firestore.indexes.json... 
[info] i  cloud.firestore: checking firestore.rules for compilation errors... 
[debug] [2023-03-09T14:15:30.114Z] >>> [apiv2][query] POST https://firebaserules.googleapis.com/v1/projects/qrapp-fe2f3:test [none]
[debug] [2023-03-09T14:15:30.114Z] >>> [apiv2][body] POST https://firebaserules.googleapis.com/v1/projects/qrapp-fe2f3:test [omitted]
[debug] [2023-03-09T14:15:30.551Z] <<< [apiv2][status] POST https://firebaserules.googleapis.com/v1/projects/qrapp-fe2f3:test 200
[debug] [2023-03-09T14:15:30.551Z] <<< [apiv2][body] POST https://firebaserules.googleapis.com/v1/projects/qrapp-fe2f3:test {}
[info] ✔  cloud.firestore: rules file firestore.rules compiled successfully 
[debug] [2023-03-09T14:15:30.553Z] >>> [apiv2][query] GET https://firebase.googleapis.com/v1beta1/projects/qrapp-fe2f3 [none]
[debug] [2023-03-09T14:15:32.124Z] <<< [apiv2][status] GET https://firebase.googleapis.com/v1beta1/projects/qrapp-fe2f3 200
[debug] [2023-03-09T14:15:32.124Z] <<< [apiv2][body] GET https://firebase.googleapis.com/v1beta1/projects/qrapp-fe2f3 {"projectId":"qrapp-fe2f3","projectNumber":"160703065138","displayName":"QRApp","name":"projects/qrapp-fe2f3","resources":{"hostingSite":"qrapp-fe2f3"},"state":"ACTIVE","etag":"1_1899d6e6-904b-4448-899f-514683687a7f"}
[info] i  functions: preparing codebase default for deployment 
[info] i  functions: ensuring required API cloudfunctions.googleapis.com is enabled... 
[info] i  functions: ensuring required API cloudbuild.googleapis.com is enabled... 
[info] i  artifactregistry: ensuring required API artifactregistry.googleapis.com is enabled... 
[debug] [2023-03-09T14:15:32.127Z] >>> [apiv2][query] GET https://serviceusage.googleapis.com/v1/projects/qrapp-fe2f3/services/cloudfunctions.googleapis.com [none]
[debug] [2023-03-09T14:15:32.127Z] >>> [apiv2][(partial)header] GET https://serviceusage.googleapis.com/v1/projects/qrapp-fe2f3/services/cloudfunctions.googleapis.com x-goog-quota-user=projects/qrapp-fe2f3
[debug] [2023-03-09T14:15:32.128Z] >>> [apiv2][query] GET https://serviceusage.googleapis.com/v1/projects/qrapp-fe2f3/services/runtimeconfig.googleapis.com [none]
[debug] [2023-03-09T14:15:32.129Z] >>> [apiv2][(partial)header] GET https://serviceusage.googleapis.com/v1/projects/qrapp-fe2f3/services/runtimeconfig.googleapis.com x-goog-quota-user=projects/qrapp-fe2f3
[debug] [2023-03-09T14:15:32.130Z] >>> [apiv2][query] GET https://serviceusage.googleapis.com/v1/projects/qrapp-fe2f3/services/cloudbuild.googleapis.com [none]
[debug] [2023-03-09T14:15:32.131Z] >>> [apiv2][(partial)header] GET https://serviceusage.googleapis.com/v1/projects/qrapp-fe2f3/services/cloudbuild.googleapis.com x-goog-quota-user=projects/qrapp-fe2f3
[debug] [2023-03-09T14:15:32.132Z] >>> [apiv2][query] GET https://serviceusage.googleapis.com/v1/projects/qrapp-fe2f3/services/artifactregistry.googleapis.com [none]
[debug] [2023-03-09T14:15:32.132Z] >>> [apiv2][(partial)header] GET https://serviceusage.googleapis.com/v1/projects/qrapp-fe2f3/services/artifactregistry.googleapis.com x-goog-quota-user=projects/qrapp-fe2f3
[debug] [2023-03-09T14:15:33.175Z] <<< [apiv2][status] GET https://serviceusage.googleapis.com/v1/projects/qrapp-fe2f3/services/artifactregistry.googleapis.com 200
[debug] [2023-03-09T14:15:33.176Z] <<< [apiv2][body] GET https://serviceusage.googleapis.com/v1/projects/qrapp-fe2f3/services/artifactregistry.googleapis.com [omitted]
[info] ✔  artifactregistry: required API artifactregistry.googleapis.com is enabled 
[debug] [2023-03-09T14:15:33.177Z] <<< [apiv2][status] GET https://serviceusage.googleapis.com/v1/projects/qrapp-fe2f3/services/runtimeconfig.googleapis.com 200
[debug] [2023-03-09T14:15:33.177Z] <<< [apiv2][body] GET https://serviceusage.googleapis.com/v1/projects/qrapp-fe2f3/services/runtimeconfig.googleapis.com [omitted]
[debug] [2023-03-09T14:15:33.178Z] <<< [apiv2][status] GET https://serviceusage.googleapis.com/v1/projects/qrapp-fe2f3/services/cloudbuild.googleapis.com 200
[debug] [2023-03-09T14:15:33.178Z] <<< [apiv2][body] GET https://serviceusage.googleapis.com/v1/projects/qrapp-fe2f3/services/cloudbuild.googleapis.com [omitted]
[info] ✔  functions: required API cloudbuild.googleapis.com is enabled 
[debug] [2023-03-09T14:15:33.179Z] <<< [apiv2][status] GET https://serviceusage.googleapis.com/v1/projects/qrapp-fe2f3/services/cloudfunctions.googleapis.com 200
[debug] [2023-03-09T14:15:33.179Z] <<< [apiv2][body] GET https://serviceusage.googleapis.com/v1/projects/qrapp-fe2f3/services/cloudfunctions.googleapis.com [omitted]
[info] ✔  functions: required API cloudfunctions.googleapis.com is enabled 
[debug] [2023-03-09T14:15:33.180Z] >>> [apiv2][query] GET https://firebase.googleapis.com/v1beta1/projects/qrapp-fe2f3/adminSdkConfig [none]
[debug] [2023-03-09T14:15:33.354Z] <<< [apiv2][status] GET https://firebase.googleapis.com/v1beta1/projects/qrapp-fe2f3/adminSdkConfig 200
[debug] [2023-03-09T14:15:33.354Z] <<< [apiv2][body] GET https://firebase.googleapis.com/v1beta1/projects/qrapp-fe2f3/adminSdkConfig {"projectId":"qrapp-fe2f3","storageBucket":"qrapp-fe2f3.appspot.com"}
[debug] [2023-03-09T14:15:33.354Z] >>> [apiv2][query] GET https://runtimeconfig.googleapis.com/v1beta1/projects/qrapp-fe2f3/configs [none]
[debug] [2023-03-09T14:15:34.218Z] <<< [apiv2][status] GET https://runtimeconfig.googleapis.com/v1beta1/projects/qrapp-fe2f3/configs 200
[debug] [2023-03-09T14:15:34.218Z] <<< [apiv2][body] GET https://runtimeconfig.googleapis.com/v1beta1/projects/qrapp-fe2f3/configs {}
[debug] [2023-03-09T14:15:34.221Z] Validating nodejs source
[debug] [2023-03-09T14:15:35.949Z] > [functions] package.json contents: {
  "name": "functions",
  "description": "Cloud Functions for Firebase",
  "scripts": {
    "serve": "firebase emulators:start --only functions",
    "shell": "firebase functions:shell",
    "start": "npm run shell",
    "deploy": "firebase deploy --only functions",
    "logs": "firebase functions:log"
  },
  "engines": {
    "node": "16"
  },
  "main": "index.js",
  "dependencies": {
    "firebase-admin": "^11.5.0",
    "firebase-functions": "^4.2.0"
  },
  "devDependencies": {
    "firebase-functions-test": "^3.0.0"
  },
  "private": true
}
[debug] [2023-03-09T14:15:35.949Z] Building nodejs source
[debug] [2023-03-09T14:15:35.951Z] Could not find functions.yaml. Must use http discovery
[debug] [2023-03-09T14:15:35.960Z] Found firebase-functions binary at '/Users/benwatson/Desktop/ExampleApp/react-native-firebase/functions/node_modules/.bin/firebase-functions'
[debug] [2023-03-09T14:15:36.300Z] Serving at port 8085

[debug] [2023-03-09T14:15:36.769Z] Got response from /__/functions.yaml {"endpoints":{"helloWorld":{"platform":"gcfv1","availableMemoryMb":null,"timeoutSeconds":null,"minInstances":null,"maxInstances":null,"ingressSettings":null,"serviceAccountEmail":null,"vpc":null,"httpsTrigger":{},"entryPoint":"helloWorld"}},"specVersion":"v1alpha1","requiredAPIs":[]}
[debug] [2023-03-09T14:15:36.778Z] shutdown requested via /__/quitquitquit

[info] i  functions: preparing functions directory for uploading... 
[info] i  functions: packaged /Users/benwatson/Desktop/ExampleApp/react-native-firebase/functions (64.56 KB) for uploading 
[debug] [2023-03-09T14:15:36.867Z] >>> [apiv2][query] GET https://cloudfunctions.googleapis.com/v1/projects/qrapp-fe2f3/locations/-/functions [none]
[debug] [2023-03-09T14:15:37.369Z] <<< [apiv2][status] GET https://cloudfunctions.googleapis.com/v1/projects/qrapp-fe2f3/locations/-/functions 200
[debug] [2023-03-09T14:15:37.369Z] <<< [apiv2][body] GET https://cloudfunctions.googleapis.com/v1/projects/qrapp-fe2f3/locations/-/functions {"functions":[{"name":"projects/qrapp-fe2f3/locations/us-central1/functions/helloWorld","httpsTrigger":{"url":"https://us-central1-qrapp-fe2f3.cloudfunctions.net/helloWorld","securityLevel":"SECURE_ALWAYS"},"status":"ACTIVE","entryPoint":"helloWorld","timeout":"60s","availableMemoryMb":256,"serviceAccountEmail":"qrapp-fe2f3@appspot.gserviceaccount.com","updateTime":"2023-03-09T14:14:04.373Z","versionId":"2","labels":{"deployment-tool":"cli-firebase","firebase-functions-hash":"b10ffed01dee8075b93c97ff6d68b19d81d53880"},"sourceUploadUrl":"https://storage.googleapis.com/uploads-785355105586.us-central1.cloudfunctions.appspot.com/b9fac287-16f1-4d6b-86ec-718cff5fd42c.zip","environmentVariables":{"FIREBASE_CONFIG":"{\"projectId\":\"qrapp-fe2f3\",\"storageBucket\":\"qrapp-fe2f3.appspot.com\"}","GCLOUD_PROJECT":"qrapp-fe2f3","EVENTARC_CLOUD_EVENT_SOURCE":"projects/qrapp-fe2f3/locations/us-central1/functions/helloWorld"},"runtime":"nodejs16","ingressSettings":"ALLOW_ALL","buildId":"a13df91c-8bbd-41eb-95e6-3ed0952a58ca","buildName":"projects/160703065138/locations/us-central1/builds/a13df91c-8bbd-41eb-95e6-3ed0952a58ca","dockerRegistry":"ARTIFACT_REGISTRY"}]}
[debug] [2023-03-09T14:15:37.370Z] >>> [apiv2][query] GET https://cloudfunctions.googleapis.com/v2/projects/qrapp-fe2f3/locations/-/functions filter=environment%3D%22GEN_2%22
[debug] [2023-03-09T14:15:38.516Z] <<< [apiv2][status] GET https://cloudfunctions.googleapis.com/v2/projects/qrapp-fe2f3/locations/-/functions 200
[debug] [2023-03-09T14:15:38.516Z] <<< [apiv2][body] GET https://cloudfunctions.googleapis.com/v2/projects/qrapp-fe2f3/locations/-/functions {}
[debug] [2023-03-09T14:15:38.523Z] >>> [apiv2][query] GET https://firebase.googleapis.com/v1beta1/projects/qrapp-fe2f3 [none]
[debug] [2023-03-09T14:15:38.975Z] <<< [apiv2][status] GET https://firebase.googleapis.com/v1beta1/projects/qrapp-fe2f3 200
[debug] [2023-03-09T14:15:38.975Z] <<< [apiv2][body] GET https://firebase.googleapis.com/v1beta1/projects/qrapp-fe2f3 {"projectId":"qrapp-fe2f3","projectNumber":"160703065138","displayName":"QRApp","name":"projects/qrapp-fe2f3","resources":{"hostingSite":"qrapp-fe2f3"},"state":"ACTIVE","etag":"1_1899d6e6-904b-4448-899f-514683687a7f"}
[debug] [2023-03-09T14:15:38.977Z] >>> [apiv2][query] GET https://firebaserules.googleapis.com/v1/projects/qrapp-fe2f3/releases pageSize=10&pageToken=
[debug] [2023-03-09T14:15:38.980Z] >>> [apiv2][query] GET https://firestore.googleapis.com/v1/projects/qrapp-fe2f3/databases/(default)/collectionGroups/-/indexes [none]
[debug] [2023-03-09T14:15:39.146Z] <<< [apiv2][status] GET https://firestore.googleapis.com/v1/projects/qrapp-fe2f3/databases/(default)/collectionGroups/-/indexes 200
[debug] [2023-03-09T14:15:39.146Z] <<< [apiv2][body] GET https://firestore.googleapis.com/v1/projects/qrapp-fe2f3/databases/(default)/collectionGroups/-/indexes {"indexes":[{"name":"projects/qrapp-fe2f3/databases/(default)/collectionGroups/entities/indexes/CICAgOjXh4EK","queryScope":"COLLECTION","fields":[{"fieldPath":"authorID","order":"ASCENDING"},{"fieldPath":"createdAt","order":"DESCENDING"},{"fieldPath":"__name__","order":"DESCENDING"}],"state":"READY"}]}
[debug] [2023-03-09T14:15:39.146Z] >>> [apiv2][query] GET https://firestore.googleapis.com/v1/projects/qrapp-fe2f3/databases/(default)/collectionGroups/-/fields?filter=indexConfig.usesAncestorConfig=false OR ttlConfig:* [none]
[debug] [2023-03-09T14:15:39.208Z] <<< [apiv2][status] GET https://firestore.googleapis.com/v1/projects/qrapp-fe2f3/databases/(default)/collectionGroups/-/fields?filter=indexConfig.usesAncestorConfig=false OR ttlConfig:* 200
[debug] [2023-03-09T14:15:39.209Z] <<< [apiv2][body] GET https://firestore.googleapis.com/v1/projects/qrapp-fe2f3/databases/(default)/collectionGroups/-/fields?filter=indexConfig.usesAncestorConfig=false OR ttlConfig:* {"fields":[{"name":"projects/qrapp-fe2f3/databases/(default)/collectionGroups/__default__/fields/*","indexConfig":{"indexes":[{"queryScope":"COLLECTION","fields":[{"fieldPath":"*","order":"ASCENDING"}],"state":"READY"},{"queryScope":"COLLECTION","fields":[{"fieldPath":"*","order":"DESCENDING"}],"state":"READY"},{"queryScope":"COLLECTION","fields":[{"fieldPath":"*","arrayConfig":"CONTAINS"}],"state":"READY"}]}}]}
[info] i  firestore: The following indexes are defined in your project but are not present in your firestore indexes file:
	(entities) -- (authorID,ASCENDING) (createdAt,DESCENDING)  
[debug] [2023-03-09T14:15:39.528Z] <<< [apiv2][status] GET https://firebaserules.googleapis.com/v1/projects/qrapp-fe2f3/releases 200
[debug] [2023-03-09T14:15:39.528Z] <<< [apiv2][body] GET https://firebaserules.googleapis.com/v1/projects/qrapp-fe2f3/releases {"releases":[{"name":"projects/qrapp-fe2f3/releases/cloud.firestore","rulesetName":"projects/qrapp-fe2f3/rulesets/3aefc67b-8e3b-4bf5-9aa3-8fe295f3d237","createTime":"2023-03-09T11:09:04.137330Z","updateTime":"2023-03-09T14:12:48.464766Z"}]}
[debug] [2023-03-09T14:15:39.529Z] >>> [apiv2][query] GET https://firebaserules.googleapis.com/v1/projects/qrapp-fe2f3/rulesets/3aefc67b-8e3b-4bf5-9aa3-8fe295f3d237 [none]
[debug] [2023-03-09T14:15:40.032Z] <<< [apiv2][status] GET https://firebaserules.googleapis.com/v1/projects/qrapp-fe2f3/rulesets/3aefc67b-8e3b-4bf5-9aa3-8fe295f3d237 200
[debug] [2023-03-09T14:15:40.032Z] <<< [apiv2][body] GET https://firebaserules.googleapis.com/v1/projects/qrapp-fe2f3/rulesets/3aefc67b-8e3b-4bf5-9aa3-8fe295f3d237 [omitted]
[info] i  firestore: latest version of firestore.rules already up to date, skipping upload... 
[info] ✔  firestore: deployed indexes in firestore.indexes.json successfully 
[debug] [2023-03-09T14:15:45.654Z] >>> [apiv2][query] POST https://cloudfunctions.googleapis.com/v1/projects/qrapp-fe2f3/locations/us-central1/functions:generateUploadUrl [none]
[debug] [2023-03-09T14:15:45.654Z] >>> [apiv2][body] POST https://cloudfunctions.googleapis.com/v1/projects/qrapp-fe2f3/locations/us-central1/functions:generateUploadUrl {}
[debug] [2023-03-09T14:15:46.507Z] <<< [apiv2][status] POST https://cloudfunctions.googleapis.com/v1/projects/qrapp-fe2f3/locations/us-central1/functions:generateUploadUrl 200
[debug] [2023-03-09T14:15:46.507Z] <<< [apiv2][body] POST https://cloudfunctions.googleapis.com/v1/projects/qrapp-fe2f3/locations/us-central1/functions:generateUploadUrl {"uploadUrl":"https://storage.googleapis.com/uploads-785355105586.us-central1.cloudfunctions.appspot.com/e7561adb-cc48-4a25-b4c2-485f268f50ff.zip?GoogleAccessId=service-160703065138@gcf-admin-robot.iam.gserviceaccount.com&Expires=1678373146&Signature=GL%2Bz7m5CtCCnoCDxFW6Pzv5FZGYOHlwFWgwxQv8GrI0gkuxiZqfBFAnP2tnjgv4OSA%2FKsjptxOklWcKTpJUqsRKcWdXjWmzbn4L68pY1wcHYzjuitts3%2FUeBtjE24yYOvcFQT1q%2FYTbh%2F2I9V4tb5D9LAawUabU2MofCgNOUygS4IYqvPdjjqAmLyeOyq906AQVBDMjM4wn7CYu6VZMD%2Bl76696U8PcxeB6FO2gEqH25gaETFVMBriXYusJx4k%2Bv0dzDxvFB5PzWmWxqRfRCU8QKxV9Q9q53r29BA0XZ8ncDTkA3Lg9rIHqyhUzeXeKdPTh8zFHHFvXQQPDcpxRT3g%3D%3D"}
[debug] [2023-03-09T14:15:46.508Z] >>> [apiv2][query] PUT https://storage.googleapis.com/uploads-785355105586.us-central1.cloudfunctions.appspot.com/e7561adb-cc48-4a25-b4c2-485f268f50ff.zip GoogleAccessId=service-160703065138%40gcf-admin-robot.iam.gserviceaccount.com&Expires=1678373146&Signature=GL%2Bz7m5CtCCnoCDxFW6Pzv5FZGYOHlwFWgwxQv8GrI0gkuxiZqfBFAnP2tnjgv4OSA%2FKsjptxOklWcKTpJUqsRKcWdXjWmzbn4L68pY1wcHYzjuitts3%2FUeBtjE24yYOvcFQT1q%2FYTbh%2F2I9V4tb5D9LAawUabU2MofCgNOUygS4IYqvPdjjqAmLyeOyq906AQVBDMjM4wn7CYu6VZMD%2Bl76696U8PcxeB6FO2gEqH25gaETFVMBriXYusJx4k%2Bv0dzDxvFB5PzWmWxqRfRCU8QKxV9Q9q53r29BA0XZ8ncDTkA3Lg9rIHqyhUzeXeKdPTh8zFHHFvXQQPDcpxRT3g%3D%3D
[debug] [2023-03-09T14:15:46.508Z] >>> [apiv2][body] PUT https://storage.googleapis.com/uploads-785355105586.us-central1.cloudfunctions.appspot.com/e7561adb-cc48-4a25-b4c2-485f268f50ff.zip [stream]
[debug] [2023-03-09T14:15:47.484Z] <<< [apiv2][status] PUT https://storage.googleapis.com/uploads-785355105586.us-central1.cloudfunctions.appspot.com/e7561adb-cc48-4a25-b4c2-485f268f50ff.zip 200
[debug] [2023-03-09T14:15:47.485Z] <<< [apiv2][body] PUT https://storage.googleapis.com/uploads-785355105586.us-central1.cloudfunctions.appspot.com/e7561adb-cc48-4a25-b4c2-485f268f50ff.zip [omitted]
[info] ✔  functions: functions folder uploaded successfully 
[debug] [2023-03-09T14:15:47.485Z] [rules] releasing cloud.firestore with ruleset projects/qrapp-fe2f3/rulesets/3aefc67b-8e3b-4bf5-9aa3-8fe295f3d237
[debug] [2023-03-09T14:15:47.486Z] >>> [apiv2][query] PATCH https://firebaserules.googleapis.com/v1/projects/qrapp-fe2f3/releases/cloud.firestore [none]
[debug] [2023-03-09T14:15:47.486Z] >>> [apiv2][body] PATCH https://firebaserules.googleapis.com/v1/projects/qrapp-fe2f3/releases/cloud.firestore {"release":{"name":"projects/qrapp-fe2f3/releases/cloud.firestore","rulesetName":"projects/qrapp-fe2f3/rulesets/3aefc67b-8e3b-4bf5-9aa3-8fe295f3d237"}}
[debug] [2023-03-09T14:15:48.412Z] <<< [apiv2][status] PATCH https://firebaserules.googleapis.com/v1/projects/qrapp-fe2f3/releases/cloud.firestore 200
[debug] [2023-03-09T14:15:48.412Z] <<< [apiv2][body] PATCH https://firebaserules.googleapis.com/v1/projects/qrapp-fe2f3/releases/cloud.firestore {"name":"projects/qrapp-fe2f3/releases/cloud.firestore","rulesetName":"projects/qrapp-fe2f3/rulesets/3aefc67b-8e3b-4bf5-9aa3-8fe295f3d237","createTime":"2023-03-09T11:09:04.137330Z","updateTime":"2023-03-09T14:15:48.387651Z"}
[debug] [2023-03-09T14:15:48.412Z] [rules] updated release projects/qrapp-fe2f3/releases/cloud.firestore
[info] ✔  firestore: released rules firestore.rules to cloud.firestore 
[info] i  functions: updating Node.js 16 function helloWorld(us-central1)... 
[debug] [2023-03-09T14:15:48.416Z] >>> [apiv2][query] PATCH https://cloudfunctions.googleapis.com/v1/projects/qrapp-fe2f3/locations/us-central1/functions/helloWorld updateMask=name%2CsourceUploadUrl%2CentryPoint%2Cruntime%2CdockerRegistry%2Clabels%2ChttpsTrigger.securityLevel%2CminInstances%2CmaxInstances%2CingressSettings%2CenvironmentVariables%2CserviceAccountEmail%2CavailableMemoryMb%2Ctimeout%2CvpcConnector%2CvpcConnectorEgressSettings%2CsourceToken
[debug] [2023-03-09T14:15:48.417Z] >>> [apiv2][body] PATCH https://cloudfunctions.googleapis.com/v1/projects/qrapp-fe2f3/locations/us-central1/functions/helloWorld {"name":"projects/qrapp-fe2f3/locations/us-central1/functions/helloWorld","sourceUploadUrl":"https://storage.googleapis.com/uploads-785355105586.us-central1.cloudfunctions.appspot.com/e7561adb-cc48-4a25-b4c2-485f268f50ff.zip?GoogleAccessId=service-160703065138@gcf-admin-robot.iam.gserviceaccount.com&Expires=1678373146&Signature=GL%2Bz7m5CtCCnoCDxFW6Pzv5FZGYOHlwFWgwxQv8GrI0gkuxiZqfBFAnP2tnjgv4OSA%2FKsjptxOklWcKTpJUqsRKcWdXjWmzbn4L68pY1wcHYzjuitts3%2FUeBtjE24yYOvcFQT1q%2FYTbh%2F2I9V4tb5D9LAawUabU2MofCgNOUygS4IYqvPdjjqAmLyeOyq906AQVBDMjM4wn7CYu6VZMD%2Bl76696U8PcxeB6FO2gEqH25gaETFVMBriXYusJx4k%2Bv0dzDxvFB5PzWmWxqRfRCU8QKxV9Q9q53r29BA0XZ8ncDTkA3Lg9rIHqyhUzeXeKdPTh8zFHHFvXQQPDcpxRT3g%3D%3D","entryPoint":"helloWorld","runtime":"nodejs16","dockerRegistry":"ARTIFACT_REGISTRY","labels":{"deployment-tool":"cli-firebase","firebase-functions-hash":"9d7ded5474e1a812a099ce3fb26035b94e4c0b5b"},"httpsTrigger":{"securityLevel":"SECURE_ALWAYS"},"minInstances":null,"maxInstances":null,"ingressSettings":null,"environmentVariables":{"FIREBASE_CONFIG":"{\"projectId\":\"qrapp-fe2f3\",\"storageBucket\":\"qrapp-fe2f3.appspot.com\"}","GCLOUD_PROJECT":"qrapp-fe2f3","EVENTARC_CLOUD_EVENT_SOURCE":"projects/qrapp-fe2f3/locations/us-central1/functions/helloWorld"},"serviceAccountEmail":null,"availableMemoryMb":null,"timeout":null,"vpcConnector":null,"vpcConnectorEgressSettings":null}
[debug] [2023-03-09T14:15:48.964Z] <<< [apiv2][status] PATCH https://cloudfunctions.googleapis.com/v1/projects/qrapp-fe2f3/locations/us-central1/functions/helloWorld 200
[debug] [2023-03-09T14:15:48.964Z] <<< [apiv2][body] PATCH https://cloudfunctions.googleapis.com/v1/projects/qrapp-fe2f3/locations/us-central1/functions/helloWorld {"name":"operations/cXJhcHAtZmUyZjMvdXMtY2VudHJhbDEvaGVsbG9Xb3JsZC9oamg3S1dLUVdBTQ","metadata":{"@type":"type.googleapis.com/google.cloud.functions.v1.OperationMetadataV1","target":"projects/qrapp-fe2f3/locations/us-central1/functions/helloWorld","type":"UPDATE_FUNCTION","request":{"@type":"type.googleapis.com/google.cloud.functions.v1.CloudFunction","name":"projects/qrapp-fe2f3/locations/us-central1/functions/helloWorld","httpsTrigger":{"url":"https://us-central1-qrapp-fe2f3.cloudfunctions.net/helloWorld","securityLevel":"SECURE_ALWAYS"},"status":"ACTIVE","entryPoint":"helloWorld","updateTime":"2023-03-09T14:14:04.373Z","versionId":"2","labels":{"deployment-tool":"cli-firebase","firebase-functions-hash":"9d7ded5474e1a812a099ce3fb26035b94e4c0b5b"},"sourceUploadUrl":"https://storage.googleapis.com/uploads-785355105586.us-central1.cloudfunctions.appspot.com/e7561adb-cc48-4a25-b4c2-485f268f50ff.zip?GoogleAccessId=service-160703065138@gcf-admin-robot.iam.gserviceaccount.com&Expires=1678373146&Signature=GL%2Bz7m5CtCCnoCDxFW6Pzv5FZGYOHlwFWgwxQv8GrI0gkuxiZqfBFAnP2tnjgv4OSA%2FKsjptxOklWcKTpJUqsRKcWdXjWmzbn4L68pY1wcHYzjuitts3%2FUeBtjE24yYOvcFQT1q%2FYTbh%2F2I9V4tb5D9LAawUabU2MofCgNOUygS4IYqvPdjjqAmLyeOyq906AQVBDMjM4wn7CYu6VZMD%2Bl76696U8PcxeB6FO2gEqH25gaETFVMBriXYusJx4k%2Bv0dzDxvFB5PzWmWxqRfRCU8QKxV9Q9q53r29BA0XZ8ncDTkA3Lg9rIHqyhUzeXeKdPTh8zFHHFvXQQPDcpxRT3g%3D%3D","environmentVariables":{"FIREBASE_CONFIG":"{\"projectId\":\"qrapp-fe2f3\",\"storageBucket\":\"qrapp-fe2f3.appspot.com\"}","GCLOUD_PROJECT":"qrapp-fe2f3","EVENTARC_CLOUD_EVENT_SOURCE":"projects/qrapp-fe2f3/locations/us-central1/functions/helloWorld"},"runtime":"nodejs16","buildId":"a13df91c-8bbd-41eb-95e6-3ed0952a58ca","buildName":"projects/160703065138/locations/us-central1/builds/a13df91c-8bbd-41eb-95e6-3ed0952a58ca","dockerRegistry":"ARTIFACT_REGISTRY"},"versionId":"3","updateTime":"2023-03-09T14:15:48Z"}}
[debug] [2023-03-09T14:15:48.965Z] >>> [apiv2][query] GET https://cloudfunctions.googleapis.com/v1/operations/cXJhcHAtZmUyZjMvdXMtY2VudHJhbDEvaGVsbG9Xb3JsZC9oamg3S1dLUVdBTQ [none]
[debug] [2023-03-09T14:15:49.179Z] <<< [apiv2][status] GET https://cloudfunctions.googleapis.com/v1/operations/cXJhcHAtZmUyZjMvdXMtY2VudHJhbDEvaGVsbG9Xb3JsZC9oamg3S1dLUVdBTQ 200
[debug] [2023-03-09T14:15:49.180Z] <<< [apiv2][body] GET https://cloudfunctions.googleapis.com/v1/operations/cXJhcHAtZmUyZjMvdXMtY2VudHJhbDEvaGVsbG9Xb3JsZC9oamg3S1dLUVdBTQ {"name":"operations/cXJhcHAtZmUyZjMvdXMtY2VudHJhbDEvaGVsbG9Xb3JsZC9oamg3S1dLUVdBTQ","metadata":{"@type":"type.googleapis.com/google.cloud.functions.v1.OperationMetadataV1","target":"projects/qrapp-fe2f3/locations/us-central1/functions/helloWorld","type":"UPDATE_FUNCTION","request":{"@type":"type.googleapis.com/google.cloud.functions.v1.CloudFunction","name":"projects/qrapp-fe2f3/locations/us-central1/functions/helloWorld","httpsTrigger":{"url":"https://us-central1-qrapp-fe2f3.cloudfunctions.net/helloWorld","securityLevel":"SECURE_ALWAYS"},"status":"ACTIVE","entryPoint":"helloWorld","updateTime":"2023-03-09T14:14:04.373Z","versionId":"2","labels":{"deployment-tool":"cli-firebase","firebase-functions-hash":"9d7ded5474e1a812a099ce3fb26035b94e4c0b5b"},"sourceUploadUrl":"https://storage.googleapis.com/uploads-785355105586.us-central1.cloudfunctions.appspot.com/e7561adb-cc48-4a25-b4c2-485f268f50ff.zip?GoogleAccessId=service-160703065138@gcf-admin-robot.iam.gserviceaccount.com&Expires=1678373146&Signature=GL%2Bz7m5CtCCnoCDxFW6Pzv5FZGYOHlwFWgwxQv8GrI0gkuxiZqfBFAnP2tnjgv4OSA%2FKsjptxOklWcKTpJUqsRKcWdXjWmzbn4L68pY1wcHYzjuitts3%2FUeBtjE24yYOvcFQT1q%2FYTbh%2F2I9V4tb5D9LAawUabU2MofCgNOUygS4IYqvPdjjqAmLyeOyq906AQVBDMjM4wn7CYu6VZMD%2Bl76696U8PcxeB6FO2gEqH25gaETFVMBriXYusJx4k%2Bv0dzDxvFB5PzWmWxqRfRCU8QKxV9Q9q53r29BA0XZ8ncDTkA3Lg9rIHqyhUzeXeKdPTh8zFHHFvXQQPDcpxRT3g%3D%3D","environmentVariables":{"FIREBASE_CONFIG":"{\"projectId\":\"qrapp-fe2f3\",\"storageBucket\":\"qrapp-fe2f3.appspot.com\"}","GCLOUD_PROJECT":"qrapp-fe2f3","EVENTARC_CLOUD_EVENT_SOURCE":"projects/qrapp-fe2f3/locations/us-central1/functions/helloWorld"},"runtime":"nodejs16","buildId":"a13df91c-8bbd-41eb-95e6-3ed0952a58ca","buildName":"projects/160703065138/locations/us-central1/builds/a13df91c-8bbd-41eb-95e6-3ed0952a58ca","dockerRegistry":"ARTIFACT_REGISTRY"},"versionId":"3","updateTime":"2023-03-09T14:15:49Z"}}
[debug] [2023-03-09T14:15:49.682Z] [update-default-us-central1-helloWorld] Retrying task index 0
[debug] [2023-03-09T14:15:49.684Z] >>> [apiv2][query] GET https://cloudfunctions.googleapis.com/v1/operations/cXJhcHAtZmUyZjMvdXMtY2VudHJhbDEvaGVsbG9Xb3JsZC9oamg3S1dLUVdBTQ [none]
[debug] [2023-03-09T14:15:49.994Z] <<< [apiv2][status] GET https://cloudfunctions.googleapis.com/v1/operations/cXJhcHAtZmUyZjMvdXMtY2VudHJhbDEvaGVsbG9Xb3JsZC9oamg3S1dLUVdBTQ 200
[debug] [2023-03-09T14:15:49.994Z] <<< [apiv2][body] GET https://cloudfunctions.googleapis.com/v1/operations/cXJhcHAtZmUyZjMvdXMtY2VudHJhbDEvaGVsbG9Xb3JsZC9oamg3S1dLUVdBTQ {"name":"operations/cXJhcHAtZmUyZjMvdXMtY2VudHJhbDEvaGVsbG9Xb3JsZC9oamg3S1dLUVdBTQ","metadata":{"@type":"type.googleapis.com/google.cloud.functions.v1.OperationMetadataV1","target":"projects/qrapp-fe2f3/locations/us-central1/functions/helloWorld","type":"UPDATE_FUNCTION","request":{"@type":"type.googleapis.com/google.cloud.functions.v1.CloudFunction","name":"projects/qrapp-fe2f3/locations/us-central1/functions/helloWorld","httpsTrigger":{"url":"https://us-central1-qrapp-fe2f3.cloudfunctions.net/helloWorld","securityLevel":"SECURE_ALWAYS"},"status":"ACTIVE","entryPoint":"helloWorld","updateTime":"2023-03-09T14:14:04.373Z","versionId":"2","labels":{"deployment-tool":"cli-firebase","firebase-functions-hash":"9d7ded5474e1a812a099ce3fb26035b94e4c0b5b"},"sourceUploadUrl":"https://storage.googleapis.com/uploads-785355105586.us-central1.cloudfunctions.appspot.com/e7561adb-cc48-4a25-b4c2-485f268f50ff.zip?GoogleAccessId=service-160703065138@gcf-admin-robot.iam.gserviceaccount.com&Expires=1678373146&Signature=GL%2Bz7m5CtCCnoCDxFW6Pzv5FZGYOHlwFWgwxQv8GrI0gkuxiZqfBFAnP2tnjgv4OSA%2FKsjptxOklWcKTpJUqsRKcWdXjWmzbn4L68pY1wcHYzjuitts3%2FUeBtjE24yYOvcFQT1q%2FYTbh%2F2I9V4tb5D9LAawUabU2MofCgNOUygS4IYqvPdjjqAmLyeOyq906AQVBDMjM4wn7CYu6VZMD%2Bl76696U8PcxeB6FO2gEqH25gaETFVMBriXYusJx4k%2Bv0dzDxvFB5PzWmWxqRfRCU8QKxV9Q9q53r29BA0XZ8ncDTkA3Lg9rIHqyhUzeXeKdPTh8zFHHFvXQQPDcpxRT3g%3D%3D","environmentVariables":{"FIREBASE_CONFIG":"{\"projectId\":\"qrapp-fe2f3\",\"storageBucket\":\"qrapp-fe2f3.appspot.com\"}","GCLOUD_PROJECT":"qrapp-fe2f3","EVENTARC_CLOUD_EVENT_SOURCE":"projects/qrapp-fe2f3/locations/us-central1/functions/helloWorld"},"runtime":"nodejs16","buildId":"a13df91c-8bbd-41eb-95e6-3ed0952a58ca","buildName":"projects/160703065138/locations/us-central1/builds/a13df91c-8bbd-41eb-95e6-3ed0952a58ca","dockerRegistry":"ARTIFACT_REGISTRY"},"versionId":"3","updateTime":"2023-03-09T14:15:49Z"}}
[debug] [2023-03-09T14:15:50.996Z] [update-default-us-central1-helloWorld] Retrying task index 0
[debug] [2023-03-09T14:15:50.996Z] >>> [apiv2][query] GET https://cloudfunctions.googleapis.com/v1/operations/cXJhcHAtZmUyZjMvdXMtY2VudHJhbDEvaGVsbG9Xb3JsZC9oamg3S1dLUVdBTQ [none]
[debug] [2023-03-09T14:15:51.210Z] <<< [apiv2][status] GET https://cloudfunctions.googleapis.com/v1/operations/cXJhcHAtZmUyZjMvdXMtY2VudHJhbDEvaGVsbG9Xb3JsZC9oamg3S1dLUVdBTQ 200
[debug] [2023-03-09T14:15:51.211Z] <<< [apiv2][body] GET https://cloudfunctions.googleapis.com/v1/operations/cXJhcHAtZmUyZjMvdXMtY2VudHJhbDEvaGVsbG9Xb3JsZC9oamg3S1dLUVdBTQ {"name":"operations/cXJhcHAtZmUyZjMvdXMtY2VudHJhbDEvaGVsbG9Xb3JsZC9oamg3S1dLUVdBTQ","metadata":{"@type":"type.googleapis.com/google.cloud.functions.v1.OperationMetadataV1","target":"projects/qrapp-fe2f3/locations/us-central1/functions/helloWorld","type":"UPDATE_FUNCTION","request":{"@type":"type.googleapis.com/google.cloud.functions.v1.CloudFunction","name":"projects/qrapp-fe2f3/locations/us-central1/functions/helloWorld","httpsTrigger":{"url":"https://us-central1-qrapp-fe2f3.cloudfunctions.net/helloWorld","securityLevel":"SECURE_ALWAYS"},"status":"ACTIVE","entryPoint":"helloWorld","updateTime":"2023-03-09T14:14:04.373Z","versionId":"2","labels":{"deployment-tool":"cli-firebase","firebase-functions-hash":"9d7ded5474e1a812a099ce3fb26035b94e4c0b5b"},"sourceUploadUrl":"https://storage.googleapis.com/uploads-785355105586.us-central1.cloudfunctions.appspot.com/e7561adb-cc48-4a25-b4c2-485f268f50ff.zip?GoogleAccessId=service-160703065138@gcf-admin-robot.iam.gserviceaccount.com&Expires=1678373146&Signature=GL%2Bz7m5CtCCnoCDxFW6Pzv5FZGYOHlwFWgwxQv8GrI0gkuxiZqfBFAnP2tnjgv4OSA%2FKsjptxOklWcKTpJUqsRKcWdXjWmzbn4L68pY1wcHYzjuitts3%2FUeBtjE24yYOvcFQT1q%2FYTbh%2F2I9V4tb5D9LAawUabU2MofCgNOUygS4IYqvPdjjqAmLyeOyq906AQVBDMjM4wn7CYu6VZMD%2Bl76696U8PcxeB6FO2gEqH25gaETFVMBriXYusJx4k%2Bv0dzDxvFB5PzWmWxqRfRCU8QKxV9Q9q53r29BA0XZ8ncDTkA3Lg9rIHqyhUzeXeKdPTh8zFHHFvXQQPDcpxRT3g%3D%3D","environmentVariables":{"FIREBASE_CONFIG":"{\"projectId\":\"qrapp-fe2f3\",\"storageBucket\":\"qrapp-fe2f3.appspot.com\"}","GCLOUD_PROJECT":"qrapp-fe2f3","EVENTARC_CLOUD_EVENT_SOURCE":"projects/qrapp-fe2f3/locations/us-central1/functions/helloWorld"},"runtime":"nodejs16","buildId":"a13df91c-8bbd-41eb-95e6-3ed0952a58ca","buildName":"projects/160703065138/locations/us-central1/builds/a13df91c-8bbd-41eb-95e6-3ed0952a58ca","dockerRegistry":"ARTIFACT_REGISTRY"},"versionId":"3","updateTime":"2023-03-09T14:15:49Z","buildId":"7532d863-7fb9-41f1-82f1-400bfdfda827","buildName":"projects/160703065138/locations/us-central1/builds/7532d863-7fb9-41f1-82f1-400bfdfda827"}}
[debug] [2023-03-09T14:15:53.212Z] [update-default-us-central1-helloWorld] Retrying task index 0
[debug] [2023-03-09T14:15:53.213Z] >>> [apiv2][query] GET https://cloudfunctions.googleapis.com/v1/operations/cXJhcHAtZmUyZjMvdXMtY2VudHJhbDEvaGVsbG9Xb3JsZC9oamg3S1dLUVdBTQ [none]
[debug] [2023-03-09T14:15:53.661Z] <<< [apiv2][status] GET https://cloudfunctions.googleapis.com/v1/operations/cXJhcHAtZmUyZjMvdXMtY2VudHJhbDEvaGVsbG9Xb3JsZC9oamg3S1dLUVdBTQ 200
[debug] [2023-03-09T14:15:53.661Z] <<< [apiv2][body] GET https://cloudfunctions.googleapis.com/v1/operations/cXJhcHAtZmUyZjMvdXMtY2VudHJhbDEvaGVsbG9Xb3JsZC9oamg3S1dLUVdBTQ {"name":"operations/cXJhcHAtZmUyZjMvdXMtY2VudHJhbDEvaGVsbG9Xb3JsZC9oamg3S1dLUVdBTQ","metadata":{"@type":"type.googleapis.com/google.cloud.functions.v1.OperationMetadataV1","target":"projects/qrapp-fe2f3/locations/us-central1/functions/helloWorld","type":"UPDATE_FUNCTION","request":{"@type":"type.googleapis.com/google.cloud.functions.v1.CloudFunction","name":"projects/qrapp-fe2f3/locations/us-central1/functions/helloWorld","httpsTrigger":{"url":"https://us-central1-qrapp-fe2f3.cloudfunctions.net/helloWorld","securityLevel":"SECURE_ALWAYS"},"status":"ACTIVE","entryPoint":"helloWorld","updateTime":"2023-03-09T14:14:04.373Z","versionId":"2","labels":{"deployment-tool":"cli-firebase","firebase-functions-hash":"9d7ded5474e1a812a099ce3fb26035b94e4c0b5b"},"sourceUploadUrl":"https://storage.googleapis.com/uploads-785355105586.us-central1.cloudfunctions.appspot.com/e7561adb-cc48-4a25-b4c2-485f268f50ff.zip?GoogleAccessId=service-160703065138@gcf-admin-robot.iam.gserviceaccount.com&Expires=1678373146&Signature=GL%2Bz7m5CtCCnoCDxFW6Pzv5FZGYOHlwFWgwxQv8GrI0gkuxiZqfBFAnP2tnjgv4OSA%2FKsjptxOklWcKTpJUqsRKcWdXjWmzbn4L68pY1wcHYzjuitts3%2FUeBtjE24yYOvcFQT1q%2FYTbh%2F2I9V4tb5D9LAawUabU2MofCgNOUygS4IYqvPdjjqAmLyeOyq906AQVBDMjM4wn7CYu6VZMD%2Bl76696U8PcxeB6FO2gEqH25gaETFVMBriXYusJx4k%2Bv0dzDxvFB5PzWmWxqRfRCU8QKxV9Q9q53r29BA0XZ8ncDTkA3Lg9rIHqyhUzeXeKdPTh8zFHHFvXQQPDcpxRT3g%3D%3D","environmentVariables":{"FIREBASE_CONFIG":"{\"projectId\":\"qrapp-fe2f3\",\"storageBucket\":\"qrapp-fe2f3.appspot.com\"}","GCLOUD_PROJECT":"qrapp-fe2f3","EVENTARC_CLOUD_EVENT_SOURCE":"projects/qrapp-fe2f3/locations/us-central1/functions/helloWorld"},"runtime":"nodejs16","buildId":"a13df91c-8bbd-41eb-95e6-3ed0952a58ca","buildName":"projects/160703065138/locations/us-central1/builds/a13df91c-8bbd-41eb-95e6-3ed0952a58ca","dockerRegistry":"ARTIFACT_REGISTRY"},"versionId":"3","updateTime":"2023-03-09T14:15:49Z","buildId":"7532d863-7fb9-41f1-82f1-400bfdfda827","buildName":"projects/160703065138/locations/us-central1/builds/7532d863-7fb9-41f1-82f1-400bfdfda827"}}
[debug] [2023-03-09T14:15:57.662Z] [update-default-us-central1-helloWorld] Retrying task index 0
[debug] [2023-03-09T14:15:57.663Z] >>> [apiv2][query] GET https://cloudfunctions.googleapis.com/v1/operations/cXJhcHAtZmUyZjMvdXMtY2VudHJhbDEvaGVsbG9Xb3JsZC9oamg3S1dLUVdBTQ [none]
[debug] [2023-03-09T14:15:58.373Z] <<< [apiv2][status] GET https://cloudfunctions.googleapis.com/v1/operations/cXJhcHAtZmUyZjMvdXMtY2VudHJhbDEvaGVsbG9Xb3JsZC9oamg3S1dLUVdBTQ 200
[debug] [2023-03-09T14:15:58.373Z] <<< [apiv2][body] GET https://cloudfunctions.googleapis.com/v1/operations/cXJhcHAtZmUyZjMvdXMtY2VudHJhbDEvaGVsbG9Xb3JsZC9oamg3S1dLUVdBTQ {"name":"operations/cXJhcHAtZmUyZjMvdXMtY2VudHJhbDEvaGVsbG9Xb3JsZC9oamg3S1dLUVdBTQ","metadata":{"@type":"type.googleapis.com/google.cloud.functions.v1.OperationMetadataV1","target":"projects/qrapp-fe2f3/locations/us-central1/functions/helloWorld","type":"UPDATE_FUNCTION","request":{"@type":"type.googleapis.com/google.cloud.functions.v1.CloudFunction","name":"projects/qrapp-fe2f3/locations/us-central1/functions/helloWorld","httpsTrigger":{"url":"https://us-central1-qrapp-fe2f3.cloudfunctions.net/helloWorld","securityLevel":"SECURE_ALWAYS"},"status":"ACTIVE","entryPoint":"helloWorld","updateTime":"2023-03-09T14:14:04.373Z","versionId":"2","labels":{"deployment-tool":"cli-firebase","firebase-functions-hash":"9d7ded5474e1a812a099ce3fb26035b94e4c0b5b"},"sourceUploadUrl":"https://storage.googleapis.com/uploads-785355105586.us-central1.cloudfunctions.appspot.com/e7561adb-cc48-4a25-b4c2-485f268f50ff.zip?GoogleAccessId=service-160703065138@gcf-admin-robot.iam.gserviceaccount.com&Expires=1678373146&Signature=GL%2Bz7m5CtCCnoCDxFW6Pzv5FZGYOHlwFWgwxQv8GrI0gkuxiZqfBFAnP2tnjgv4OSA%2FKsjptxOklWcKTpJUqsRKcWdXjWmzbn4L68pY1wcHYzjuitts3%2FUeBtjE24yYOvcFQT1q%2FYTbh%2F2I9V4tb5D9LAawUabU2MofCgNOUygS4IYqvPdjjqAmLyeOyq906AQVBDMjM4wn7CYu6VZMD%2Bl76696U8PcxeB6FO2gEqH25gaETFVMBriXYusJx4k%2Bv0dzDxvFB5PzWmWxqRfRCU8QKxV9Q9q53r29BA0XZ8ncDTkA3Lg9rIHqyhUzeXeKdPTh8zFHHFvXQQPDcpxRT3g%3D%3D","environmentVariables":{"FIREBASE_CONFIG":"{\"projectId\":\"qrapp-fe2f3\",\"storageBucket\":\"qrapp-fe2f3.appspot.com\"}","GCLOUD_PROJECT":"qrapp-fe2f3","EVENTARC_CLOUD_EVENT_SOURCE":"projects/qrapp-fe2f3/locations/us-central1/functions/helloWorld"},"runtime":"nodejs16","buildId":"a13df91c-8bbd-41eb-95e6-3ed0952a58ca","buildName":"projects/160703065138/locations/us-central1/builds/a13df91c-8bbd-41eb-95e6-3ed0952a58ca","dockerRegistry":"ARTIFACT_REGISTRY"},"versionId":"3","updateTime":"2023-03-09T14:15:49Z","buildId":"7532d863-7fb9-41f1-82f1-400bfdfda827","buildName":"projects/160703065138/locations/us-central1/builds/7532d863-7fb9-41f1-82f1-400bfdfda827"}}
